<?xml version="1.0" encoding="UTF-8"?>
<!-- Generated by org.testng.reporters.JUnitReportReporter -->
<testsuite hostname="DESKTOP-VIMU54J" name="annotations.TestClassOne" tests="2" failures="0" timestamp="2 Oct 2019 06:56:43 GMT" time="0.013" errors="0">
  <testcase name="TestMethodTwo" time="0.002" classname="annotations.TestClassOne"/>
  <testcase name="TestMethodOne" time="0.011" classname="annotations.TestClassOne"/>
</testsuite> <!-- annotations.TestClassOne -->
