<?xml version="1.0" encoding="UTF-8"?>
<!-- Generated by org.testng.reporters.JUnitReportReporter -->
<testsuite hostname="DESKTOP-VIMU54J" name="annotations.TestClassTwo" tests="2" failures="0" timestamp="2 Oct 2019 06:56:43 GMT" time="0.007" errors="0">
  <testcase name="TestMethodTwo" time="0.003" classname="annotations.TestClassTwo"/>
  <testcase name="TestMethodOne" time="0.004" classname="annotations.TestClassTwo"/>
</testsuite> <!-- annotations.TestClassTwo -->
