<?xml version="1.0" encoding="UTF-8"?>
<!-- Generated by org.testng.reporters.JUnitReportReporter -->
<testsuite hostname="DESKTOP-VIMU54J" name="annotations.AfterClassExample" tests="3" failures="0" timestamp="2 Oct 2019 05:44:13 GMT" time="0.033" errors="0">
  <testcase name="TestMethodTwo" time="0.005" classname="annotations.AfterClassExample"/>
  <testcase name="TestMethodThree" time="0.001" classname="annotations.AfterClassExample"/>
  <testcase name="TestMethodOne" time="0.027" classname="annotations.AfterClassExample"/>
</testsuite> <!-- annotations.AfterClassExample -->
